<?xml version="1.0" encoding="UTF-8"?>
<testsuite xmlns:xsi="http://www.w3.org/2001/XMLSchema-instance" xsi:noNamespaceSchemaLocation="https://maven.apache.org/surefire/maven-surefire-plugin/xsd/surefire-test-report-3.0.xsd" version="3.0" name="PuzzleTest" time="8.705" tests="50" errors="0" skipped="0" failures="0">
  <properties>
[...]
</properties>
  <testcase name="shouldTiltPuzzle" classname="PuzzleTest" time="0.521"/>
  <testcase name="shouldWorkFreelanceTile" classname="PuzzleTest" time="0.257"/>
  <testcase name="shouldNotInsertTile" classname="PuzzleTest" time="0.059"/>
  <testcase name="shouldIsGoal" classname="PuzzleTest" time="0.083">
    <system-out><![CDATA[The goal was reached
]]></system-out>
  </testcase>
  <testcase name="shouldNotWorkRoughTile" classname="PuzzleTest" time="0.144"/>
  <testcase name="shouldWorkRoughTile" classname="PuzzleTest" time="0.196"/>
  <testcase name="shouldNotWorkFlyingTile" classname="PuzzleTest" time="0.061"/>
  <testcase name="shouldWorkFlyingTile" classname="PuzzleTest" time="0.435"/>
  <testcase name="shouldWorkTemporalTile" classname="PuzzleTest" time="0.189">
    <system-out><![CDATA[Lives: 0
]]></system-out>
  </testcase>
  <testcase name="shouldAddGlue" classname="PuzzleTest" time="0.135"/>
  <testcase name="shouldNotWorkPuzzleContestS" classname="PuzzleTest" time="0.62">
    <system-out><![CDATA[Movimientos mínimos: []
]]></system-out>
  </testcase>
  <testcase name="shouldMakeInvisible" classname="PuzzleTest" time="0.068"/>
  <testcase name="shouldMakeHole" classname="PuzzleTest" time="0.109"/>
  <testcase name="shouldNotWorkRoughTile2" classname="PuzzleTest" time="0.056">
    <system-out><![CDATA[Row or column not valid
]]></system-out>
  </testcase>
  <testcase name="shouldNotDeleteGlue" classname="PuzzleTest" time="0.133"/>
  <testcase name="shouldNotDeleteTile" classname="PuzzleTest" time="0.067"/>
  <testcase name="shouldNotDeleteTile2" classname="PuzzleTest" time="0.068"/>
  <testcase name="shouldNotRelocateTile" classname="PuzzleTest" time="0.066"/>
  <testcase name="shouldInsertTile" classname="PuzzleTest" time="0.077"/>
  <testcase name="shouldNotWorkFixedTile" classname="PuzzleTest" time="0.055"/>
  <testcase name="shouldWorkFixedTile" classname="PuzzleTest" time="0.187"/>
  <testcase name="shouldWorkPuzzleContestS" classname="PuzzleTest" time="0.945">
    <system-out><![CDATA[Movimientos mínimos: [R]
]]></system-out>
  </testcase>
  <testcase name="shouldNotWorkFreelanceTile" classname="PuzzleTest" time="0.058"/>
  <testcase name="shouldNotWorkTemporalTile" classname="PuzzleTest" time="0.057"/>
  <testcase name="shouldRelocateTile" classname="PuzzleTest" time="0.08"/>
  <testcase name="shouldGetGlue" classname="PuzzleTest" time="0.134"/>
  <testcase name="shouldNotRelocateTile2" classname="PuzzleTest" time="0.069"/>
  <testcase name="shouldWorkActualArrangement" classname="PuzzleTest" time="0.058">
    <system-out><![CDATA[...
...
...
]]></system-out>
  </testcase>
  <testcase name="shouldDeleteGlue" classname="PuzzleTest" time="0.135"/>
  <testcase name="shouldDeleteTile" classname="PuzzleTest" time="0.069"/>
  <testcase name="shouldWorkPuzzleContest" classname="PuzzleTest" time="0.951"/>
  <testcase name="shouldNotAddGlue" classname="PuzzleTest" time="0.083"/>
  <testcase name="shouldNotCreatePuzzle1" classname="PuzzleTest" time="0.002"/>
  <testcase name="shouldNotCreatePuzzle3" classname="PuzzleTest" time="0.092"/>
  <testcase name="shouldCreatePuzzle1" classname="PuzzleTest" time="0.057"/>
  <testcase name="shouldCreatePuzzle2" classname="PuzzleTest" time="0.056"/>
  <testcase name="shouldCreatePuzzle3" classname="PuzzleTest" time="0.09"/>
  <testcase name="shouldIsNotGoal" classname="PuzzleTest" time="0.101"/>
  <testcase name="shouldNotMakeHole" classname="PuzzleTest" time="0.069"/>
  <testcase name="shouldNotActualGlue" classname="PuzzleTest" time="0.079">
    <system-out><![CDATA[...
...
...
]]></system-out>
  </testcase>
  <testcase name="shouldNotMisplacedTiles" classname="PuzzleTest" time="0.091"/>
  <testcase name="shouldMisplacedTiles" classname="PuzzleTest" time="0.08"/>
  <testcase name="shouldNotGetGlue" classname="PuzzleTest" time="0.137"/>
  <testcase name="shouldWorkTemporalTile2" classname="PuzzleTest" time="0.193">
    <system-out><![CDATA[Lives: 0
]]></system-out>
  </testcase>
  <testcase name="shouldWorkTemporalTile3" classname="PuzzleTest" time="0.194">
    <system-out><![CDATA[Lives: 0
]]></system-out>
  </testcase>
  <testcase name="shouldWorkTemporalTile4" classname="PuzzleTest" time="0.196">
    <system-out><![CDATA[Lives: 0
]]></system-out>
  </testcase>
  <testcase name="shouldCreatePuzzle2E" classname="PuzzleTest" time="0.058"/>
  <testcase name="shouldNotWorkPuzzleContest" classname="PuzzleTest" time="0.643"/>
  <testcase name="shouldActualGlue" classname="PuzzleTest" time="0.137">
    <system-out><![CDATA[g..
...
...
]]></system-out>
  </testcase>
  <testcase name="shouldMakeVisible" classname="PuzzleTest" time="0.093"/>
</testsuite>